[19:00:29] [main/INFO]: Setting user: thecreeper9999
[19:00:32] [Client thread/INFO]: LWJGL Version: 2.9.1
[19:00:37] [Client thread/INFO]: Reloading ResourceManager: Default, FMLFileResourcePack:Forge Mod Loader, FMLFileResourcePack:Minecraft Forge, FMLFileResourcePack:Cube's Edge
[19:00:38] [Sound Library Loader/INFO]: Sound engine started
[19:00:40] [Client thread/INFO]: Created: 512x256 textures/blocks-atlas
[19:00:40] [Client thread/INFO]: Created: 256x256 textures/items-atlas
[19:00:40] [Client thread/INFO]: Reloading ResourceManager: Default, FMLFileResourcePack:Forge Mod Loader, FMLFileResourcePack:Minecraft Forge, FMLFileResourcePack:Cube's Edge
[19:00:40] [Client thread/INFO]: Created: 256x256 textures/items-atlas
[19:00:40] [Client thread/INFO]: Created: 512x256 textures/blocks-atlas
[19:00:41] [Sound Library Loader/INFO]: Sound engine started
[19:00:45] [Server thread/INFO]: Starting integrated minecraft server version 1.7.10
[19:00:45] [Server thread/INFO]: Generating keypair
[19:00:45] [Server thread/INFO]: Preparing start region for level 0
[19:00:46] [Server thread/INFO]: Preparing spawn area: 37%
[19:00:47] [Server thread/INFO]: Preparing spawn area: 97%
[19:00:48] [Server thread/INFO]: Changing view distance to 16, from 10
[19:00:48] [Server thread/INFO]: thecreeper9999[local:E:e2db17d5] logged in with entity id 278 at (-171.5185611148571, 6.0, -163.17269854993987)
[19:00:48] [Server thread/INFO]: thecreeper9999 joined the game
[19:01:09] [Server thread/INFO]: Saving and pausing game...
[19:01:09] [Server thread/INFO]: Saving chunks for level 'New World'/Overworld
[19:01:09] [Server thread/INFO]: Saving chunks for level 'New World'/Nether
[19:01:09] [Server thread/INFO]: Saving chunks for level 'New World'/The End
[19:01:10] [Server thread/INFO]: Stopping server
[19:01:10] [Server thread/INFO]: Saving players
[19:01:10] [Server thread/INFO]: Saving worlds
[19:01:10] [Server thread/INFO]: Saving chunks for level 'New World'/Overworld
[19:01:10] [Server thread/INFO]: Saving chunks for level 'New World'/Nether
[19:01:10] [Server thread/INFO]: Saving chunks for level 'New World'/The End
[19:03:42] [Client thread/INFO]: Connecting to 127.0.0.1, 25565
[19:04:04] [Client thread/INFO]: [CHAT] [Server: Opped thecreeper9999]
[19:04:11] [Client thread/INFO]: [CHAT] /gamemode, /gamerule
[19:04:12] [Client thread/INFO]: [CHAT] Your game mode has been updated
[19:04:19] [Client thread/INFO]: [CHAT] /time <set|add> <value>
[19:04:24] [Client thread/INFO]: [CHAT] Set the time to 1000
[19:10:17] [Server thread/INFO]: Starting integrated minecraft server version 1.7.10
[19:10:17] [Server thread/INFO]: Generating keypair
[19:10:18] [Server thread/INFO]: Preparing start region for level 0
[19:10:19] [Server thread/INFO]: Changing view distance to 16, from 10
[19:10:19] [Server thread/INFO]: thecreeper9999[local:E:9add757a] logged in with entity id 117237 at (-164.37323319177696, 8.0, -200.56254008981597)
[19:10:19] [Server thread/INFO]: thecreeper9999 joined the game
[19:10:28] [Server thread/INFO]: Saving and pausing game...
[19:10:28] [Server thread/INFO]: Saving chunks for level 'New World'/Overworld
[19:10:28] [Server thread/INFO]: Saving chunks for level 'New World'/Nether
[19:10:28] [Server thread/INFO]: Saving chunks for level 'New World'/The End
[19:10:29] [Server thread/INFO]: Stopping server
[19:10:29] [Server thread/INFO]: Saving players
[19:10:29] [Server thread/INFO]: Saving worlds
[19:10:29] [Server thread/INFO]: Saving chunks for level 'New World'/Overworld
[19:10:29] [Server thread/INFO]: Saving chunks for level 'New World'/Nether
[19:10:29] [Server thread/INFO]: Saving chunks for level 'New World'/The End
[19:10:30] [Client thread/INFO]: Stopping!
ded? Running 3676ms behind, skipping 73 tick(s)
[19:05:46] [Server thread/INFO]: thecreeper9999 lost connection: TextComponent{text='A fatal error has occured, this connection is terminated', siblings=[], style=Style{hasParent=false, color=null, bold=null, italic=null, underlined=null, obfuscated=null, clickEvent=null, hoverEvent=null}}
[19:05:46] [Server thread/INFO]: thecreeper9999 left the game
[19:05:47] [Server thread/WARN]: Can't keep up! Did the system time change, or is the server overloaded? Running 23172ms behind, skipping 463 tick(s)
[19:08:34] [Server thread/INFO]: Unknown command. Try /help for a list of commands
[19:10:35] [Server thread/INFO]: Stopping the server
[19:10:36] [Server thread/INFO]: Stopping server
[19:10:40] [Server thread/INFO]: Saving players
[19:10:40] [Server thread/INFO]: Saving worlds
[19:10:40] [Server thread/INFO]: Saving chunks for level 'world'/Overworld
[19:10:41] [Server thread/INFO]: Saving chunks for level 'world'/Nether
[19:10:41] [Server thread/INFO]: Saving chunks for level 'world'/The End
[19:11:03] [main/INFO]: Setting user: thecreeper9999
[19:11:04] [Client thread/INFO]: LWJGL Version: 2.9.1
[19:11:10] [Client thread/INFO]: Reloading ResourceManager: Default, FMLFileResourcePack:Forge Mod Loader, FMLFileResourcePack:Minecraft Forge, FMLFileResourcePack:Cube's Edge
[19:11:11] [Sound Library Loader/INFO]: Sound engine started
[19:11:14] [Client thread/INFO]: Created: 512x256 textures/blocks-atlas
[19:11:14] [Client thread/INFO]: Created: 256x256 textures/items-atlas
[19:11:14] [Client thread/INFO]: Reloading ResourceManager: Default, FMLFileResourcePack:Forge Mod Loader, FMLFileResourcePack:Minecraft Forge, FMLFileResourcePack:Cube's Edge
[19:11:15] [Client thread/INFO]: Created: 256x256 textures/items-atlas
[19:11:15] [Client thread/INFO]: Created: 512x256 textures/blocks-atlas
[19:11:16] [Sound Library Loader/INFO]: Sound engine started
[19:11:27] [Server thread/INFO]: Starting integrated minecraft server version 1.7.10
[19:11:27] [Server thread/INFO]: Generating keypair
[19:11:27] [Server thread/INFO]: Preparing start region for level 0
[19:11:28] [Server thread/INFO]: Changing view distance to 16, from 10
[19:11:29] [Server thread/INFO]: thecreeper9999[local:E:aed2c6a6] logged in with entity id 279 at (-164.3356437245803, 4.0, -191.6046977932212)
[19:11:29] [Server thread/INFO]: thecreeper9999 joined the game
[19:11:38] [Server thread/INFO]: Saving and pausing game...
[19:11:38] [Server thread/INFO]: Saving chunks for level 'New World'/Overworld
[19:11:38] [Server thread/INFO]: Saving chunks for level 'New World'/Nether
[19:11:38] [Server thread/INFO]: Saving chunks for level 'New World'/The End
[19:12:11] [Client thread/INFO]: Started on 53789
[19:12:12] [Client thread/INFO]: [CHAT] Local game hoste[19:12:20] [Clien[19:12:39] [Server thread/INFO]: com.mojang.authlib.GameProfile@41e0f11c[id=<null>,name=ForgeDevName,properties={},legacy=false] (/169.254.80.80:53815) lost connection: Internal Exception: java.io.IOException: Une connexion existante a dû être fermée par l’hôte distant
[19:13:01] [Server thread/INFO]: thecreeper9999 lost connection: TextComponent{text='Disconnected', siblings=[], style=Style{hasParent=false, color=null, bold=null, italic=null, underlined=null, obfuscated=null, clickEvent=null, hoverEvent=null}}
[19:13:01] [Server thread/INFO]: thecreeper9999 left the game
[19:13:01] [Server thread/INFO]: Stopping singleplayer server as player logged out
[19:13:01] [Server thread/INFO]: Stopping server
[19:13:01] [Server thread/INFO]: Saving players
[19:13:01] [Server thread/INFO]: Saving worlds
[19:13:01] [Server thread/INFO]: Saving chunks for level 'New World'/Overworld
[19:13:01] [Server thread/INFO]: Saving chunks for level 'New World'/Nether
[19:13:01] [Server thread/INFO]: Saving chunks for level 'New World'/The End
ecraft.runGameLoop(Minecraft.java:1039) ~[Minecraft.class:?]
	at net.minecraft.client.Minecraft.run(Minecraft.java:961) [Minecraft.class:?]
	at net.minecraft.client.main.Main.main(Main.java:164) [Main.class:?]
	at sun.reflect.NativeMethodAccessorImpl.invoke0(Native Method) ~[?:1.7.0_67]
	at sun.reflect.NativeMethodAccessorImpl.invoke(Unknown Source) ~[?:1.7.0_67]
	at sun.reflect.DelegatingMethodAccessorImpl.invoke(Unknown Source) ~[?:1.7.0_67]
	at java.lang.reflect.Method.invoke(Unknown Source) ~[?:1.7.0_67]
	at net.minecraft.launchwrapper.Launch.launch(Launch.java:134) [launchwrapper-1.9.jar:?]
	at net.minecraft.launchwrapper.Launch.main(Launch.java:28) [launchwrapper-1.9.jar:?]
	at sun.reflect.NativeMethodAccessorImpl.invoke0(Native Method) ~[?:1.7.0_67]
	at sun.reflect.NativeMethodAccessorImpl.invoke(Unknown Source) ~[?:1.7.0_67]
	at sun.reflect.DelegatingMethodAccessorImpl.invoke(Unknown Source) ~[?:1.7.0_67]
	at java.lang.reflect.Method.invoke(Unknown Source) ~[?:1.7.0_67]
	at GradleStart.bounce(GradleStart.java:107) [start/:?]
	at GradleStart.startClient(GradleStart.java:100) [start/:?]
	at GradleStart.main(GradleStart.java:55) [start/:?]
Caused by: java.lang.NullPointerException
	at com.mojang.util.UUIDTypeAdapter.fromUUID(UUIDTypeAdapter.java:22) ~[UUIDTypeAdapter.class:?]
	at com.mojang.util.UUIDTypeAdapter.write(UUIDTypeAdapter.java:13) ~[UUIDTypeAdapter.class:?]
	at com.mojang.util.UUIDTypeAdapter.write(UUIDTypeAdapter.java:10) ~[UUIDTypeAdapter.class:?]
	at com.google.gson.internal.bind.TypeAdapterRuntimeTypeWrapper.write(TypeAdapterRuntimeTypeWrapper.java:68) ~[TypeAdapterRuntimeTypeWrapper.class:?]
	at com.google.gson.internal.bind.ReflectiveTypeAdapterFactory$1.write(ReflectiveTypeAdapterFactory.java:89) ~[ReflectiveTypeAdapterFactory$1.class:?]
	at com.google.gson.internal.bind.ReflectiveTypeAdapterFactory$Adapter.write(ReflectiveTypeAdapterFactory.java:195) ~[ReflectiveTypeAdapterFactory$Adapter.class:?]
	at com.google.gson.Gson.toJson(Gson.java:593) ~[Gson.class:?]
	at com.google.gson.Gson.toJson(Gson.java:572) ~[Gson.class:?]
	at com.google.gson.Gson.toJson(Gson.java:527) ~[Gson.class:?]
	at com.google.gson.Gson.toJson(Gson.java:507) ~[Gson.class:?]
	at com.mojang.authlib.yggdrasil.YggdrasilAuthenticationService.makeRequest(YggdrasilAuthenticationService.java:54) ~[YggdrasilAuthenticationService.class:?]
	at com.mojang.authlib.yggdrasil.YggdrasilMinecraftSessionService.joinServer(YggdrasilMinecraftSessionService.java:76) ~[YggdrasilMinecraftSessionService.class:?]
	at net.minecraft.client.network.NetHandlerLoginClient.handleEncryptionRequest(NetHandlerLoginClient.java:62) ~[NetHandlerLoginClient.class:?]
	at net.minecraft.network.login.server.S01PacketEncryptionRequest.processPacket(S01PacketEncryptionRequest.java:54) ~[S01PacketEncryptionRequest.class:?]
	at net.minecraft.network.login.server.S01PacketEncryptionRequest.processPacket(S01PacketEncryptionRequest.java:62) ~[S01PacketEncryptionRequest.class:?]
	at net.minecraft.network.NetworkManager.processReceivedPackets(NetworkManager.java:247) ~[NetworkManager.class:?]
	at net.minecraft.client.multiplayer.GuiConnecting.updateScreen(GuiConnecting.java:116) ~[GuiConnecting.class:?]
	at net.minecraft.client.Minecraft.runTick(Minecraft.java:1752) ~[Minecraft.class:?]
	... 16 more
[19:13:17] [main/INFO]: Setting user: ForgeDevName
[19:13:26] [Client thread/INFO]: LWJGL Version: 2.9.1
