[16:00:23] [main/INFO]: Setting user: thecreeper9999
[16:00:24] [Client thread/INFO]: LWJGL Version: 2.9.1
[16:00:29] [Client thread/INFO]: Reloading ResourceManager: Default, FMLFileResourcePack:Forge Mod Loader, FMLFileResourcePack:Minecraft Forge, FMLFileResourcePack:Cube's Edge
[16:00:30] [Sound Library Loader/INFO]: Sound engine started
[16:00:31] [Client thread/INFO]: Created: 512x256 textures/blocks-atlas
[16:00:31] [Client thread/INFO]: Created: 256x256 textures/items-atlas
[16:00:32] [Client thread/INFO]: Reloading ResourceManager: Default, FMLFileResourcePack:Forge Mod Loader, FMLFileResourcePack:Minecraft Forge, FMLFileResourcePack:Cube's Edge
[16:00:32] [Client thread/INFO]: Created: 256x256 textures/items-atlas
[16:00:32] [Client thread/INFO]: Created: 512x256 textures/blocks-atlas
[16:00:33] [Sound Library Loader/INFO]: Sound engine started
[16:00:47] [main/INFO]: Setting user: ForgeDevName
[16:00:48] [Client thread/INFO]: LWJGL Version: 2.9.1
[16:00:53] [Client thread/INFO]: Reloading ResourceManager: Default, FMLFileResourcePack:Forge Mod Loader, FMLFileResourcePack:Minecraft Forge, FMLFileResourcePack:Cube's Edge
[16:00:54] [Sound Library Loader/INFO]: Sound engine started
[16:00:56] [Client thread/INFO]: Created: 512x256 textures/blocks-atlas
[16:00:56] [Client thread/INFO]: Created: 256x256 textures/items-atlas
[16:00:56] [Client thread/INFO]: Reloading ResourceManager: Default, FMLFileResourcePack:Forge Mod Loader, FMLFileResourcePack:Minecraft Forge, FMLFileResourcePack:Cube's Edge
[16:00:56] [Client thread/INFO]: Created: 256x256 textures/items-atlas
[16:00:57] [Client thread/INFO]: Created: 512x256 textures/blocks-atlas
[16:00:57] [Sound Library Loader/INFO]: Sound engine started
