[15:47:59] [main/INFO]: Setting user: thecreeper9999
[15:48:00] [Client thread/INFO]: LWJGL Version: 2.9.1
[15:48:05] [Client thread/INFO]: Reloading ResourceManager: Default, FMLFileResourcePack:Forge Mod Loader, FMLFileResourcePack:Minecraft Forge, FMLFileResourcePack:Cube's Edge
[15:48:06] [Sound Library Loader/INFO]: Sound engine started
[15:48:08] [Client thread/INFO]: Created: 512x256 textures/blocks-atlas
[15:48:08] [Client thread/INFO]: Created: 256x256 textures/items-atlas
[15:48:08] [Client thread/INFO]: Reloading ResourceManager: Default, FMLFileResourcePack:Forge Mod Loader, FMLFileResourcePack:Minecraft Forge, FMLFileResourcePack:Cube's Edge
[15:48:08] [Client thread/INFO]: Created: 256x256 textures/items-atlas
[15:48:09] [Client thread/INFO]: Created: 512x256 textures/blocks-atlas
[15:48:09] [Sound Library Loader/INFO]: Sound engine started
[15:50:29] [Server thread/INFO]: Starting integrated minecraft server version 1.7.10
[15:50:29] [Server thread/INFO]: Generating keypair
[15:50:29] [Server thread/INFO]: Preparing start region for level 0
[15:50:31] [Server thread/INFO]: Changing view distance to 16, from 10
[15:50:31] [Server thread/INFO]: thecreeper9999[local:E:28e3ec11] logged in with entity id 307 at (-198.30010148454312, 4.0, -162.38339242139142)
[15:50:31] [Server thread/INFO]: thecreeper9999 joined the game
[15:50:32] [Server thread/INFO]: Saving and pausing game...
[15:50:32] [Server thread/INFO]: Saving chunks for level 'New World'/Overworld
[15:50:32] [Server thread/INFO]: Saving chunks for level 'New World'/Nether
[15:50:32] [Server thread/INFO]: Saving chunks for level 'New World'/The End
[15:50:49] [Server thread/INFO]: thecreeper9999 lost connection: TextComponent{text='A fatal error has occured, this connection is terminated', siblings=[], style=Style{hasParent=false, color=null, bold=null, italic=null, underlined=null, obfuscated=null, clickEvent=null, hoverEvent=null}}
[15:50:49] [Server thread/INFO]: thecreeper9999 left the game
[15:50:50] [Server thread/INFO]: Stopping singleplayer server as player logged out
[15:50:50] [Server thread/INFO]: Stopping server
[15:50:50] [Server thread/INFO]: Saving players
[15:50:50] [Server thread/INFO]: Saving worlds
[15:50:50] [Server thread/INFO]: Saving chunks for level 'New World'/Overworld
[15:50:50] [Server thread/INFO]: Saving chunks for level 'New World'/Nether
[15:50:50] [Server thread/INFO]: Saving chunks for level 'New World'/The End
