[19:50:41] [main/INFO]: Setting user: thecreeper9999
[19:50:42] [Client thread/INFO]: LWJGL Version: 2.9.1
[19:50:48] [Client thread/INFO]: Reloading ResourceManager: Default, FMLFileResourcePack:Forge Mod Loader, FMLFileResourcePack:Minecraft Forge, FMLFileResourcePack:Cube's Edge
[19:50:49] [Sound Library Loader/INFO]: Sound engine started
[19:50:51] [Client thread/INFO]: Created: 512x256 textures/blocks-atlas
[19:50:51] [Client thread/INFO]: Created: 256x256 textures/items-atlas
[19:50:51] [Client thread/INFO]: Reloading ResourceManager: Default, FMLFileResourcePack:Forge Mod Loader, FMLFileResourcePack:Minecraft Forge, FMLFileResourcePack:Cube's Edge
[19:50:51] [Client thread/INFO]: Created: 256x256 textures/items-atlas
[19:50:51] [Client thread/INFO]: Created: 512x256 textures/blocks-atlas
[19:50:52] [Sound Library Loader/INFO]: Sound engine started
[19:51:06] [Server thread/INFO]: Starting integrated minecraft server version 1.7.10
[19:51:06] [Server thread/INFO]: Generating keypair
[19:51:06] [Server thread/INFO]: Preparing start region for level 0
[19:51:07] [Server thread/INFO]: Changing view distance to 16, from 10
[19:51:08] [Server thread/INFO]: thecreeper9999[local:E:e77f4260] logged in with entity id 205 at (-167.21779679289668, 5.0, -106.90285883472598)
[19:51:08] [Server thread/INFO]: thecreeper9999 joined the game
[19:51:09] [Server thread/INFO]: Saving and pausing game...
[19:51:09] [Server thread/INFO]: Saving chunks for level 'New World'/Overworld
[19:51:09] [Server thread/INFO]: Saving chunks for level 'New World'/Nether
[19:51:09] [Server thread/INFO]: Saving chunks for level 'New World'/The End
[19:51:17] [Server thread/INFO]: [thecreeper9999: Set the time to 1000]
[19:51:17] [Client thread/INFO]: [CHAT] Set the time to 1000
[19:51:26] [Server thread/INFO]: Saving and pausing game...
[19:51:26] [Server thread/INFO]: Saving chunks for level 'New World'/Overworld
[19:51:26] [Server thread/INFO]: Saving chunks for level 'New World'/Nether
[19:51:26] [Server thread/INFO]: Saving chunks for level 'New World'/The End
[19:51:36] [Server thread/INFO]: Saving and pausing game...
[19:51:36] [Server thread/INFO]: Saving chunks for level 'New World'/Overworld
[19:51:36] [Server thread/INFO]: Saving chunks for level 'New World'/Nether
[19:51:36] [Server thread/INFO]: Saving chunks for level 'New World'/The End
[19:52:17] [Server thread/INFO]: Saving and pausing game...
[19:52:17] [Server thread/INFO]: Saving chunks for level 'New World'/Overworld
[19:52:17] [Server thread/INFO]: Saving chunks for level 'New World'/Nether
[19:52:17] [Server thread/INFO]: Saving chunks for level 'New World'/The End
[19:53:11] [Server thread/INFO]: Saving and pausing game...
[19:53:11] [Server thread/INFO]: Saving chunks for level 'New World'/Overworld
[19:53:11] [Server thread/INFO]: Saving chunks for level 'New World'/Nether
[19:53:11] [Server thread/INFO]: Saving chunks for level 'New World'/The End
[19:53:12] [Server thread/INFO]: Saving and pausing game...
[19:53:12] [Server thread/INFO]: Saving chunks for level 'New World'/Overworld
[19:53:12] [Server thread/INFO]: Saving chunks for level 'New World'/Nether
[19:53:12] [Server thread/INFO]: Saving chunks for level 'New World'/The End
[19:53:22] [Server thread/INFO]: Saving and pausing game...
[19:53:22] [Server thread/INFO]: Saving chunks for level 'New World'/Overworld
[19:53:22] [Server thread/INFO]: Saving chunks for level 'New World'/Nether
[19:53:22] [Server thread/INFO]: Saving chunks for level 'New World'/The End
[19:54:05] [Server thread/INFO]: Saving and pausing game...
[19:54:05] [Server thread/INFO]: Saving chunks for level 'New World'/Overworld
[19:54:05] [Server thread/INFO]: Saving chunks for level 'New World'/Nether
[19:54:05] [Server thread/INFO]: Saving chunks for level 'New World'/The End
[19:54:32] [Server thread/INFO]: Saving and pausing game...
[19:54:32] [Server thread/INFO]: Saving chunks for level 'New World'/Overworld
[19:54:32] [Server thread/INFO]: Saving chunks for level 'New World'/Nether
[19:54:32] [Server thread/INFO]: Saving chunks for level 'New World'/The End
[19:54:39] [Server thread/INFO]: Saving and pausing game...
[19:54:39] [Server thread/INFO]: Saving chunks for level 'New World'/Overworld
[19:54:39] [Server thread/INFO]: Saving chunks for level 'New World'/Nether
[19:54:39] [Server thread/INFO]: Saving chunks for level 'New World'/The End
[19:56:16] [Server thread/INFO]: Saving and pausing game...
[19:56:16] [Server thread/INFO]: Saving chunks for level 'New World'/Overworld
[19:56:16] [Server thread/INFO]: Saving chunks for level 'New World'/Nether
[19:56:16] [Server thread/INFO]: Saving chunks for level 'New World'/The End
[19:56:31] [Server thread/INFO]: Saving and pausing game...
[19:56:31] [Server thread/INFO]: Saving chunks for level 'New World'/Overworld
[19:56:31] [Server thread/INFO]: Saving chunks for level 'New World'/Nether
[19:56:31] [Server thread/INFO]: Saving chunks for level 'New World'/The End
[19:57:13] [Server thread/INFO]: Saving and pausing game...
[19:57:13] [Server thread/INFO]: Saving chunks for level 'New World'/Overworld
[19:57:13] [Server thread/INFO]: Saving chunks for level 'New World'/Nether
[19:57:13] [Server thread/INFO]: Saving chunks for level 'New World'/The End
[19:57:26] [Server thread/INFO]: Saving and pausing game...
[19:57:26] [Server thread/INFO]: Saving chunks for level 'New World'/Overworld
[19:57:26] [Server thread/INFO]: Saving chunks for level 'New World'/Nether
[19:57:26] [Server thread/INFO]: Saving chunks for level 'New World'/The End
[19:57:45] [Server thread/INFO]: Saving and pausing game...
[19:57:45] [Server thread/INFO]: Saving chunks for level 'New World'/Overworld
[19:57:45] [Server thread/INFO]: Saving chunks for level 'New World'/Nether
[19:57:45] [Server thread/INFO]: Saving chunks for level 'New World'/The End
[19:57:45] [Server thread/INFO]: Stopping server
[19:57:45] [Server thread/INFO]: Saving players
[19:57:45] [Server thread/INFO]: Saving worlds
[19:57:45] [Server thread/INFO]: Saving chunks for level 'New World'/Overworld
[19:57:45] [Server thread/INFO]: Saving chunks for level 'New World'/Nether
[19:57:45] [Server thread/INFO]: Saving chunks for level 'New World'/The End
[19:57:51] [Client thread/INFO]: Stopping!
[20:40:48] [main/INFO]: Setting user: thecreeper9999
[20:40:51] [Client thread/INFO]: LWJGL Version: 2.9.1
[20:40:56] [main/INFO]: Setting user: ForgeDevName
[20:41:00] [Client thread/INFO]: LWJGL Version: 2.9.1
