[13:20:33] [Server thread/INFO]: Starting minecraft server version 1.7.10
[13:20:39] [Server thread/INFO]: Loading properties
[13:20:40] [Server thread/INFO]: Default game type: SURVIVAL
[13:20:40] [Server thread/INFO]: Generating keypair
[13:20:40] [Server thread/INFO]: Starting Minecraft server on *:25565
[13:20:40] [Server thread/WARN]: Failed to load user banlist: 
java.io.FileNotFoundException: banned-players.json (Le fichier spécifié est introuvable)
	at java.io.FileInputStream.open(Native Method) ~[?:1.7.0_67]
	at java.io.FileInputStream.<init>(Unknown Source) ~[?:1.7.0_67]
	at com.google.common.io.Files.newReader(Files.java:86) ~[guava-17.0.jar:?]
	at net.minecraft.server.management.UserList.func_152679_g(UserList.java:195) ~[UserList.class:?]
	at net.minecraft.server.dedicated.DedicatedPlayerList.func_152620_y(DedicatedPlayerList.java:124) [DedicatedPlayerList.class:?]
	at net.minecraft.server.dedicated.DedicatedPlayerList.<init>(DedicatedPlayerList.java:31) [DedicatedPlayerList.class:?]
	at net.minecraft.server.dedicated.DedicatedServer.startServer(DedicatedServer.java:214) [DedicatedServer.class:?]
	at net.minecraft.server.MinecraftServer.run(MinecraftServer.java:455) [MinecraftServer.class:?]
	at net.minecraft.server.MinecraftServer$2.run(MinecraftServer.java:762) [MinecraftServer$2.class:?]
[13:20:40] [Server thread/WARN]: Failed to load ip banlist: 
java.io.FileNotFoundException: banned-ips.json (Le fichier spécifié est introuvable)
	at java.io.FileInputStream.open(Native Method) ~[?:1.7.0_67]
	at java.io.FileInputStream.<init>(Unknown Source) ~[?:1.7.0_67]
	at com.google.common.io.Files.newReader(Files.java:86) ~[guava-17.0.jar:?]
	at net.minecraft.server.management.UserList.func_152679_g(UserList.java:195) ~[UserList.class:?]
	at net.minecraft.server.dedicated.DedicatedPlayerList.func_152619_x(DedicatedPlayerList.java:112) [DedicatedPlayerList.class:?]
	at net.minecraft.server.dedicated.DedicatedPlayerList.<init>(DedicatedPlayerList.java:33) [DedicatedPlayerList.class:?]
	at net.minecraft.server.dedicated.DedicatedServer.startServer(DedicatedServer.java:214) [DedicatedServer.class:?]
	at net.minecraft.server.MinecraftServer.run(MinecraftServer.java:455) [MinecraftServer.class:?]
	at net.minecraft.server.MinecraftServer$2.run(MinecraftServer.java:762) [MinecraftServer$2.class:?]
[13:20:40] [Server thread/WARN]: Failed to load operators list: 
java.io.FileNotFoundException: ops.json (Le fichier spécifié est introuvable)
	at java.io.FileInputStream.open(Native Method) ~[?:1.7.0_67]
	at java.io.FileInputStream.<init>(Unknown Source) ~[?:1.7.0_67]
	at com.google.common.io.Files.newReader(Files.java:86) ~[guava-17.0.jar:?]
	at net.minecraft.server.management.UserList.func_152679_g(UserList.java:195) ~[UserList.class:?]
	at net.minecraft.server.dedicated.DedicatedPlayerList.loadOpsList(DedicatedPlayerList.java:136) [DedicatedPlayerList.class:?]
	at net.minecraft.server.dedicated.DedicatedPlayerList.<init>(DedicatedPlayerList.java:35) [DedicatedPlayerList.class:?]
	at net.minecraft.server.dedicated.DedicatedServer.startServer(DedicatedServer.java:214) [DedicatedServer.class:?]
	at net.minecraft.server.MinecraftServer.run(MinecraftServer.java:455) [MinecraftServer.class:?]
	at net.minecraft.server.MinecraftServer$2.run(MinecraftServer.java:762) [MinecraftServer$2.class:?]
[13:20:40] [Server thread/WARN]: Failed to load white-list: 
java.io.FileNotFoundException: whitelist.json (Le fichier spécifié est introuvable)
	at java.io.FileInputStream.open(Native Method) ~[?:1.7.0_67]
	at java.io.FileInputStream.<init>(Unknown Source) ~[?:1.7.0_67]
	at com.google.common.io.Files.newReader(Files.java:86) ~[guava-17.0.jar:?]
	at net.minecraft.server.management.UserList.func_152679_g(UserList.java:195) ~[UserList.class:?]
	at net.minecraft.server.dedicated.DedicatedPlayerList.readWhiteList(DedicatedPlayerList.java:160) [DedicatedPlayerList.class:?]
	at net.minecraft.server.dedicated.DedicatedPlayerList.<init>(DedicatedPlayerList.java:36) [DedicatedPlayerList.class:?]
	at net.minecraft.server.dedicated.DedicatedServer.startServer(DedicatedServer.java:214) [DedicatedServer.class:?]
	at net.minecraft.server.MinecraftServer.run(MinecraftServer.java:455) [MinecraftServer.class:?]
	at net.minecraft.server.MinecraftServer$2.run(MinecraftServer.java:762) [MinecraftServer$2.class:?]
[13:20:41] [Server thread/INFO]: Preparing level "world"
[13:20:42] [Server thread/INFO]: Preparing start region for level 0
[13:20:43] [Server thread/INFO]: Preparing spawn area: 2%
[13:20:44] [Server thread/INFO]: Preparing spawn area: 7%
[13:20:45] [Server thread/INFO]: Preparing spawn area: 14%
[13:20:46] [Server thread/INFO]: Preparing spawn area: 24%
[13:20:47] [Server thread/INFO]: Preparing spawn area: 34%
[13:20:48] [Server thread/INFO]: Preparing spawn area: 44%
[13:20:49] [Server thread/INFO]: Preparing spawn area: 54%
[13:20:50] [Server thread/INFO]: Preparing spawn area: 64%
[13:20:51] [Server thread/INFO]: Preparing spawn area: 72%
[13:20:52] [Server thread/INFO]: Preparing spawn area: 84%
[13:20:54] [Server thread/INFO]: Preparing spawn area: 92%
[13:20:54] [Server thread/INFO]: Done (14,005s)! For help, type "help" or "?"
[13:21:42] [Server thread/WARN]: Can't keep up! Did the system time change, or is the server overloaded? Running 2103ms behind, skipping 42 tick(s)
[13:21:51] [main/INFO]: Setting user: thecreeper9999
