[18:38:58] [main/INFO]: Setting user: thecreeper9999
[18:39:01] [Client thread/INFO]: LWJGL Version: 2.9.1
[18:39:20] [Client thread/INFO]: Reloading ResourceManager: Default, FMLFileResourcePack:Forge Mod Loader, [18:39:20] [Client thread/INFO]: Reloading ResourceManager: Default, F[18:39:22] [Sound Library Loader/INFO]: Sound engine started
[18:39:27] [Client thread/INFO]: Created: 512x256 textures/blocks-atlas
[18:39:27] [Client thread/INFO]: Created: 256x256 textures/items-atlas
[18:39:27] [Client thread/INFO]: Reloading ResourceManager: Default, FMLFileResourcePack:Forge Mod Loader, FMLFileResourcePack:Minecraft Forge, FMLFileResourcePack:Cube's Edge
[18:39:28] [Client thread/INFO]: Created: 256x256 textures/items-atlas
[18:39:28] [Client thread/INFO]: Created: 512x256 textures/blocks-atlas
[18:39:28] [Sound Library Loader/INFO]: Sound engine started
[18:40:10] [Client thread/INFO]: Connecting to 127.0.0.1, 25565
[18:40:20] [Client thread/INFO]: [CHAT] ForgeDevName joined the game
[18:40:44] [Client thread/INFO]: [CHAT] ForgeDevName has just earned the achievement [Taking Inventory]
[18:42:06] [Client thread/INFO]: [CHA[18:42:08] [Client thread/INFO][18:42:08] [Client thread/INFO]: Stopping!
8:39:54] [Server thread/INFO]: Starting Minecraft server on *:25565
[18:39:54] [Server thread/WARN]: **** SERVER IS RUNNING IN OFFLINE/INSECURE MODE!
[18:39:54] [Server thread/WARN]: The server will make no attempt to authenticate usernames. Beware.
[18:39:54] [Server thread/WARN]: While this makes the game possible to play without internet access, it also opens up the ability for hackers to connect with any username they choose.
[18:39:54] [Server thread/WARN]: To change this, set "online-mode" to "true" in the server.properties file.
[18:39:54] [Server thread/INFO]: Preparing level "world"
[18:39:55] [Server thread/INFO]: Preparing start region for level 0
[18:39:56] [Server thread/INFO]: Preparing spawn area: 12%
[18:39:57] [Server thread/INFO]: Preparing spawn area: 74%
[18:39:58] [Server thread/INFO]: Done (3,295s)! For help, type "help" or "?"
[18:40:12] [Server thread/INFO]: thecreeper9999[/127.0.0.1:53570] logged in with entity id 161 at (75.29415163846191, 64.0, 203.30000001192093)
[18:40:12] [Server thread/INFO]: thecreeper9999 joined the game
[18:40:20] [Server thread/INFO]: ForgeDevName[/127.0.0.1:53607] logged in with entity id 162 at (78.37820779472376, 64.0, 204.57491345353165)
[18:40:20] [Server thread/INFO]: ForgeDevName joined the game
[18:40:44] [Server thread/INFO]: ForgeDevName has just earned the achievement [Taking Inventory]
[18:41:58] [Server thread/WARN]: Can't keep up! Did the system time change, or is the server overloaded? Running 3079ms behind, skipping 61 tick(s)
[18:42:06] [Server thread/INFO]: ForgeDevName lost connection: TextComponent{text='Disconnected', siblings=[], style=Style{hasParent=false, color=null, bold=null, italic=null, underlined=null, obfuscated=null, clickEvent=null, hoverEvent=null}}
[18:42:06] [Server thread/INFO]: ForgeDevName left the game
[18:42:06] [Server thread/INFO]: thecreeper9999 lost connection: TextComponent{text='Disconnected', siblings=[], style=Style{hasParent=false, color=null, bold=null, italic=null, underlined=null, obfuscated=null, clickEvent=null, hoverEvent=null}}
[18:42:06] [Server thread/INFO]: thecreeper9999 left the game
[18:42:12] [Server thread/INFO]: Stopping server
[18:42:12] [Server thread/INFO]: Saving players
[18:42:12] [Server thread/INFO]: Saving worlds
[18:42:12] [Server thread/INFO]: Saving chunks for level 'world'/Overworld
[18:42:13] [Server thread/INFO]: Saving chunks for level 'world'/Nether
[18:42:13] [Server thread/INFO]: Saving chunks for level 'world'/The End
